{"$message_type":"diagnostic","message":"unresolved import `crate::eventLogger`","code":{"code":"E0432","explanation":"An import was unresolved.\n\nErroneous code example:\n\n```compile_fail,E0432\nuse something::Foo; // error: unresolved import `something::Foo`.\n```\n\nIn Rust 2015, paths in `use` statements are relative to the crate root. To\nimport items relative to the current and parent modules, use the `self::` and\n`super::` prefixes, respectively.\n\nIn Rust 2018 or later, paths in `use` statements are relative to the current\nmodule unless they begin with the name of a crate or a literal `crate::`, in\nwhich case they start from the crate root. As in Rust 2015 code, the `self::`\nand `super::` prefixes refer to the current and parent modules respectively.\n\nAlso verify that you didn't misspell the import name and that the import exists\nin the module from where you tried to import it. Example:\n\n```\nuse self::something::Foo; // Ok.\n\nmod something {\n    pub struct Foo;\n}\n# fn main() {}\n```\n\nIf you tried to use a module from an external crate and are using Rust 2015,\nyou may have missed the `extern crate` declaration (which is usually placed in\nthe crate root):\n\n```edition2015\nextern crate core; // Required to use the `core` crate in Rust 2015.\n\nuse core::any;\n# fn main() {}\n```\n\nSince Rust 2018 the `extern crate` declaration is not required and\nyou can instead just `use` it:\n\n```edition2018\nuse core::any; // No extern crate required in Rust 2018.\n# fn main() {}\n```\n"},"level":"error","spans":[{"file_name":"src\\event_logger_test.rs","byte_start":28,"byte_end":39,"line_start":3,"line_end":3,"column_start":12,"column_end":23,"is_primary":true,"text":[{"text":"use crate::eventLogger::{EventLoggerContract, EventLoggerContractClient, EventType};","highlight_start":12,"highlight_end":23}],"label":"could not find `eventLogger` in the crate root","suggested_replacement":null,"suggestion_applicability":null,"expansion":null}],"children":[],"rendered":"\u001b[1m\u001b[91merror[E0432]\u001b[0m\u001b[1m\u001b[97m: unresolved import `crate::eventLogger`\u001b[0m\n \u001b[1m\u001b[96m--> \u001b[0msrc\\event_logger_test.rs:3:12\n  \u001b[1m\u001b[96m|\u001b[0m\n\u001b[1m\u001b[96m3\u001b[0m \u001b[1m\u001b[96m|\u001b[0m use crate::eventLogger::{EventLoggerContract, EventLoggerContractClient, EventType};\n  \u001b[1m\u001b[96m|\u001b[0m            \u001b[1m\u001b[91m^^^^^^^^^^^\u001b[0m \u001b[1m\u001b[91mcould not find `eventLogger` in the crate root\u001b[0m\n\n"}
{"$message_type":"diagnostic","message":"missing lifetime specifier","code":{"code":"E0106","explanation":"This error indicates that a lifetime is missing from a type. If it is an error\ninside a function signature, the problem may be with failing to adhere to the\nlifetime elision rules (see below).\n\nErroneous code examples:\n\n```compile_fail,E0106\nstruct Foo1 { x: &bool }\n              // ^ expected lifetime parameter\nstruct Foo2<'a> { x: &'a bool } // correct\n\nstruct Bar1 { x: Foo2 }\n              // ^^^^ expected lifetime parameter\nstruct Bar2<'a> { x: Foo2<'a> } // correct\n\nenum Baz1 { A(u8), B(&bool), }\n                  // ^ expected lifetime parameter\nenum Baz2<'a> { A(u8), B(&'a bool), } // correct\n\ntype MyStr1 = &str;\n           // ^ expected lifetime parameter\ntype MyStr2<'a> = &'a str; // correct\n```\n\nLifetime elision is a special, limited kind of inference for lifetimes in\nfunction signatures which allows you to leave out lifetimes in certain cases.\nFor more background on lifetime elision see [the book][book-le].\n\nThe lifetime elision rules require that any function signature with an elided\noutput lifetime must either have:\n\n - exactly one input lifetime\n - or, multiple input lifetimes, but the function must also be a method with a\n   `&self` or `&mut self` receiver\n\nIn the first case, the output lifetime is inferred to be the same as the unique\ninput lifetime. In the second case, the lifetime is instead inferred to be the\nsame as the lifetime on `&self` or `&mut self`.\n\nHere are some examples of elision errors:\n\n```compile_fail,E0106\n// error, no input lifetimes\nfn foo() -> &str { }\n\n// error, `x` and `y` have distinct lifetimes inferred\nfn bar(x: &str, y: &str) -> &str { }\n\n// error, `y`'s lifetime is inferred to be distinct from `x`'s\nfn baz<'a>(x: &'a str, y: &str) -> &str { }\n```\n\n[book-le]: https://doc.rust-lang.org/book/ch10-03-lifetime-syntax.html#lifetime-elision\n"},"level":"error","spans":[{"file_name":"src\\user_profile_test.rs","byte_start":234,"byte_end":259,"line_start":7,"line_end":7,"column_start":31,"column_end":56,"is_primary":true,"text":[{"text":"fn create_test_env() -> (Env, UserProfileContractClient, Address, Address) {","highlight_start":31,"highlight_end":56}],"label":"expected named lifetime parameter","suggested_replacement":null,"suggestion_applicability":null,"expansion":null}],"children":[{"message":"this function's return type contains a borrowed value, but there is no value for it to be borrowed from","code":null,"level":"help","spans":[],"children":[],"rendered":null},{"message":"consider using the `'static` lifetime, but this is uncommon unless you're returning a borrowed value from a `const` or a `static`, or if you will only have owned values","code":null,"level":"help","spans":[{"file_name":"src\\user_profile_test.rs","byte_start":259,"byte_end":259,"line_start":7,"line_end":7,"column_start":56,"column_end":56,"is_primary":true,"text":[{"text":"fn create_test_env() -> (Env, UserProfileContractClient, Address, Address) {","highlight_start":56,"highlight_end":56}],"label":null,"suggested_replacement":"<'static>","suggestion_applicability":"MaybeIncorrect","expansion":null}],"children":[],"rendered":null}],"rendered":"\u001b[1m\u001b[91merror[E0106]\u001b[0m\u001b[1m\u001b[97m: missing lifetime specifier\u001b[0m\n \u001b[1m\u001b[96m--> \u001b[0msrc\\user_profile_test.rs:7:31\n  \u001b[1m\u001b[96m|\u001b[0m\n\u001b[1m\u001b[96m7\u001b[0m \u001b[1m\u001b[96m|\u001b[0m fn create_test_env() -> (Env, UserProfileContractClient, Address, Address) {\n  \u001b[1m\u001b[96m|\u001b[0m                               \u001b[1m\u001b[91m^^^^^^^^^^^^^^^^^^^^^^^^^\u001b[0m \u001b[1m\u001b[91mexpected named lifetime parameter\u001b[0m\n  \u001b[1m\u001b[96m|\u001b[0m\n  \u001b[1m\u001b[96m= \u001b[0m\u001b[1m\u001b[97mhelp\u001b[0m: this function's return type contains a borrowed value, but there is no value for it to be borrowed from\n\u001b[1m\u001b[96mhelp\u001b[0m: consider using the `'static` lifetime, but this is uncommon unless you're returning a borrowed value from a `const` or a `static`, or if you will only have owned values\n  \u001b[1m\u001b[96m|\u001b[0m\n\u001b[1m\u001b[96m7\u001b[0m \u001b[1m\u001b[96m| \u001b[0mfn create_test_env() -> (Env, UserProfileContractClient\u001b[92m<'static>\u001b[0m, Address, Address) {\n  \u001b[1m\u001b[96m|\u001b[0m                                                        \u001b[92m+++++++++\u001b[0m\n\n"}
{"$message_type":"diagnostic","message":"failed to resolve: use of unresolved module or unlinked crate `std`","code":{"code":"E0433","explanation":"An undeclared crate, module, or type was used.\n\nErroneous code example:\n\n```compile_fail,E0433\nlet map = HashMap::new();\n// error: failed to resolve: use of undeclared type `HashMap`\n```\n\nPlease verify you didn't misspell the type/module's name or that you didn't\nforget to import it:\n\n```\nuse std::collections::HashMap; // HashMap has been imported.\nlet map: HashMap<u32, u32> = HashMap::new(); // So it can be used!\n```\n\nIf you've expected to use a crate name:\n\n```compile_fail\nuse ferris_wheel::BigO;\n// error: failed to resolve: use of undeclared module or unlinked crate\n```\n\nMake sure the crate has been added as a dependency in `Cargo.toml`.\n\nTo use a module from your current crate, add the `crate::` prefix to the path.\n"},"level":"error","spans":[{"file_name":"src\\user_profile_test.rs","byte_start":9585,"byte_end":9588,"line_start":326,"line_end":326,"column_start":18,"column_end":21,"is_primary":true,"text":[{"text":"    let result = std::panic::catch_unwind(|| {","highlight_start":18,"highlight_end":21}],"label":"use of unresolved module or unlinked crate `std`","suggested_replacement":null,"suggestion_applicability":null,"expansion":null}],"children":[{"message":"if you wanted to use a crate named `std`, use `cargo add std` to add it to your `Cargo.toml`","code":null,"level":"help","spans":[],"children":[],"rendered":null}],"rendered":"\u001b[1m\u001b[91merror[E0433]\u001b[0m\u001b[1m\u001b[97m: failed to resolve: use of unresolved module or unlinked crate `std`\u001b[0m\n   \u001b[1m\u001b[96m--> \u001b[0msrc\\user_profile_test.rs:326:18\n    \u001b[1m\u001b[96m|\u001b[0m\n\u001b[1m\u001b[96m326\u001b[0m \u001b[1m\u001b[96m|\u001b[0m     let result = std::panic::catch_unwind(|| {\n    \u001b[1m\u001b[96m|\u001b[0m                  \u001b[1m\u001b[91m^^^\u001b[0m \u001b[1m\u001b[91muse of unresolved module or unlinked crate `std`\u001b[0m\n    \u001b[1m\u001b[96m|\u001b[0m\n    \u001b[1m\u001b[96m= \u001b[0m\u001b[1m\u001b[97mhelp\u001b[0m: if you wanted to use a crate named `std`, use `cargo add std` to add it to your `Cargo.toml`\n\n"}
{"$message_type":"diagnostic","message":"unused import: `Ledger`","code":{"code":"unused_imports","explanation":null},"level":"warning","spans":[{"file_name":"src\\progress_test.rs","byte_start":144,"byte_end":150,"line_start":4,"line_end":4,"column_start":50,"column_end":56,"is_primary":true,"text":[{"text":"use soroban_sdk::{Env, testutils::{Address as _, Ledger}, Address, String};","highlight_start":50,"highlight_end":56}],"label":null,"suggested_replacement":null,"suggestion_applicability":null,"expansion":null}],"children":[{"message":"`#[warn(unused_imports)]` (part of `#[warn(unused)]`) on by default","code":null,"level":"note","spans":[],"children":[],"rendered":null},{"message":"remove the unused import","code":null,"level":"help","spans":[{"file_name":"src\\progress_test.rs","byte_start":142,"byte_end":150,"line_start":4,"line_end":4,"column_start":48,"column_end":56,"is_primary":true,"text":[{"text":"use soroban_sdk::{Env, testutils::{Address as _, Ledger}, Address, String};","highlight_start":48,"highlight_end":56}],"label":null,"suggested_replacement":"","suggestion_applicability":"MachineApplicable","expansion":null},{"file_name":"src\\progress_test.rs","byte_start":129,"byte_end":130,"line_start":4,"line_end":4,"column_start":35,"column_end":36,"is_primary":true,"text":[{"text":"use soroban_sdk::{Env, testutils::{Address as _, Ledger}, Address, String};","highlight_start":35,"highlight_end":36}],"label":null,"suggested_replacement":"","suggestion_applicability":"MachineApplicable","expansion":null},{"file_name":"src\\progress_test.rs","byte_start":150,"byte_end":151,"line_start":4,"line_end":4,"column_start":56,"column_end":57,"is_primary":true,"text":[{"text":"use soroban_sdk::{Env, testutils::{Address as _, Ledger}, Address, String};","highlight_start":56,"highlight_end":57}],"label":null,"suggested_replacement":"","suggestion_applicability":"MachineApplicable","expansion":null}],"children":[],"rendered":null}],"rendered":"\u001b[1m\u001b[93mwarning\u001b[0m\u001b[1m\u001b[97m: unused import: `Ledger`\u001b[0m\n \u001b[1m\u001b[96m--> \u001b[0msrc\\progress_test.rs:4:50\n  \u001b[1m\u001b[96m|\u001b[0m\n\u001b[1m\u001b[96m4\u001b[0m \u001b[1m\u001b[96m|\u001b[0m use soroban_sdk::{Env, testutils::{Address as _, Ledger}, Address, String};\n  \u001b[1m\u001b[96m|\u001b[0m                                                  \u001b[1m\u001b[93m^^^^^^\u001b[0m\n  \u001b[1m\u001b[96m|\u001b[0m\n  \u001b[1m\u001b[96m= \u001b[0m\u001b[1m\u001b[97mnote\u001b[0m: `#[warn(unused_imports)]` (part of `#[warn(unused)]`) on by default\n\n"}
{"$message_type":"diagnostic","message":"unused import: `Vec`","code":{"code":"unused_imports","explanation":null},"level":"warning","spans":[{"file_name":"src\\event_logger_test.rs","byte_start":178,"byte_end":181,"line_start":4,"line_end":4,"column_start":76,"column_end":79,"is_primary":true,"text":[{"text":"use soroban_sdk::{Env, testutils::{Address as _, Ledger}, Address, String, Vec};","highlight_start":76,"highlight_end":79}],"label":null,"suggested_replacement":null,"suggestion_applicability":null,"expansion":null}],"children":[{"message":"remove the unused import","code":null,"level":"help","spans":[{"file_name":"src\\event_logger_test.rs","byte_start":176,"byte_end":181,"line_start":4,"line_end":4,"column_start":74,"column_end":79,"is_primary":true,"text":[{"text":"use soroban_sdk::{Env, testutils::{Address as _, Ledger}, Address, String, Vec};","highlight_start":74,"highlight_end":79}],"label":null,"suggested_replacement":"","suggestion_applicability":"MachineApplicable","expansion":null}],"children":[],"rendered":null}],"rendered":"\u001b[1m\u001b[93mwarning\u001b[0m\u001b[1m\u001b[97m: unused import: `Vec`\u001b[0m\n \u001b[1m\u001b[96m--> \u001b[0msrc\\event_logger_test.rs:4:76\n  \u001b[1m\u001b[96m|\u001b[0m\n\u001b[1m\u001b[96m4\u001b[0m \u001b[1m\u001b[96m|\u001b[0m use soroban_sdk::{Env, testutils::{Address as _, Ledger}, Address, String, Vec};\n  \u001b[1m\u001b[96m|\u001b[0m                                                                            \u001b[1m\u001b[93m^^^\u001b[0m\n\n"}
{"$message_type":"diagnostic","message":"unused import: `super::*`","code":{"code":"unused_imports","explanation":null},"level":"warning","spans":[{"file_name":"src\\user_profile_test.rs","byte_start":21,"byte_end":29,"line_start":3,"line_end":3,"column_start":5,"column_end":13,"is_primary":true,"text":[{"text":"use super::*;","highlight_start":5,"highlight_end":13}],"label":null,"suggested_replacement":null,"suggestion_applicability":null,"expansion":null}],"children":[{"message":"remove the whole `use` item","code":null,"level":"help","spans":[{"file_name":"src\\user_profile_test.rs","byte_start":17,"byte_end":32,"line_start":3,"line_end":4,"column_start":1,"column_end":1,"is_primary":true,"text":[{"text":"use super::*;","highlight_start":1,"highlight_end":14},{"text":"use soroban_sdk::{testutils::Address as _, Address, Env, String};","highlight_start":1,"highlight_end":1}],"label":null,"suggested_replacement":"","suggestion_applicability":"MachineApplicable","expansion":null}],"children":[],"rendered":null}],"rendered":"\u001b[1m\u001b[93mwarning\u001b[0m\u001b[1m\u001b[97m: unused import: `super::*`\u001b[0m\n \u001b[1m\u001b[96m--> \u001b[0msrc\\user_profile_test.rs:3:5\n  \u001b[1m\u001b[96m|\u001b[0m\n\u001b[1m\u001b[96m3\u001b[0m \u001b[1m\u001b[96m|\u001b[0m use super::*;\n  \u001b[1m\u001b[96m|\u001b[0m     \u001b[1m\u001b[93m^^^^^^^^\u001b[0m\n\n"}
{"$message_type":"diagnostic","message":"unused import: `Achievement`","code":{"code":"unused_imports","explanation":null},"level":"warning","spans":[{"file_name":"src\\user_profile_test.rs","byte_start":187,"byte_end":198,"line_start":5,"line_end":5,"column_start":89,"column_end":100,"is_primary":true,"text":[{"text":"use crate::user_profile::{UserProfileContract, UserProfileContractClient, PrivacyLevel, Achievement};","highlight_start":89,"highlight_end":100}],"label":null,"suggested_replacement":null,"suggestion_applicability":null,"expansion":null}],"children":[{"message":"remove the unused import","code":null,"level":"help","spans":[{"file_name":"src\\user_profile_test.rs","byte_start":185,"byte_end":198,"line_start":5,"line_end":5,"column_start":87,"column_end":100,"is_primary":true,"text":[{"text":"use crate::user_profile::{UserProfileContract, UserProfileContractClient, PrivacyLevel, Achievement};","highlight_start":87,"highlight_end":100}],"label":null,"suggested_replacement":"","suggestion_applicability":"MachineApplicable","expansion":null}],"children":[],"rendered":null}],"rendered":"\u001b[1m\u001b[93mwarning\u001b[0m\u001b[1m\u001b[97m: unused import: `Achievement`\u001b[0m\n \u001b[1m\u001b[96m--> \u001b[0msrc\\user_profile_test.rs:5:89\n  \u001b[1m\u001b[96m|\u001b[0m\n\u001b[1m\u001b[96m5\u001b[0m \u001b[1m\u001b[96m|\u001b[0m use crate::user_profile::{UserProfileContract, UserProfileContractClient, PrivacyLevel, Achievement};\n  \u001b[1m\u001b[96m|\u001b[0m                                                                                         \u001b[1m\u001b[93m^^^^^^^^^^^\u001b[0m\n\n"}
{"$message_type":"diagnostic","message":"the `#![no_std]` attribute can only be used at the crate root","code":{"code":"unused_attributes","explanation":null},"level":"warning","spans":[{"file_name":"src\\progress.rs","byte_start":0,"byte_end":10,"line_start":1,"line_end":1,"column_start":1,"column_end":11,"is_primary":true,"text":[{"text":"#![no_std]","highlight_start":1,"highlight_end":11}],"label":null,"suggested_replacement":null,"suggestion_applicability":null,"expansion":null}],"children":[{"message":"`#[warn(unused_attributes)]` (part of `#[warn(unused)]`) on by default","code":null,"level":"note","spans":[],"children":[],"rendered":null}],"rendered":"\u001b[1m\u001b[93mwarning\u001b[0m\u001b[1m\u001b[97m: the `#![no_std]` attribute can only be used at the crate root\u001b[0m\n \u001b[1m\u001b[96m--> \u001b[0msrc\\progress.rs:1:1\n  \u001b[1m\u001b[96m|\u001b[0m\n\u001b[1m\u001b[96m1\u001b[0m \u001b[1m\u001b[96m|\u001b[0m #![no_std]\n  \u001b[1m\u001b[96m|\u001b[0m \u001b[1m\u001b[93m^^^^^^^^^^\u001b[0m\n  \u001b[1m\u001b[96m|\u001b[0m\n  \u001b[1m\u001b[96m= \u001b[0m\u001b[1m\u001b[97mnote\u001b[0m: `#[warn(unused_attributes)]` (part of `#[warn(unused)]`) on by default\n\n"}
{"$message_type":"diagnostic","message":"the `#![no_std]` attribute can only be used at the crate root","code":{"code":"unused_attributes","explanation":null},"level":"warning","spans":[{"file_name":"src\\event_logger.rs","byte_start":0,"byte_end":10,"line_start":1,"line_end":1,"column_start":1,"column_end":11,"is_primary":true,"text":[{"text":"#![no_std]","highlight_start":1,"highlight_end":11}],"label":null,"suggested_replacement":null,"suggestion_applicability":null,"expansion":null}],"children":[],"rendered":"\u001b[1m\u001b[93mwarning\u001b[0m\u001b[1m\u001b[97m: the `#![no_std]` attribute can only be used at the crate root\u001b[0m\n \u001b[1m\u001b[96m--> \u001b[0msrc\\event_logger.rs:1:1\n  \u001b[1m\u001b[96m|\u001b[0m\n\u001b[1m\u001b[96m1\u001b[0m \u001b[1m\u001b[96m|\u001b[0m #![no_std]\n  \u001b[1m\u001b[96m|\u001b[0m \u001b[1m\u001b[93m^^^^^^^^^^\u001b[0m\n\n"}
{"$message_type":"diagnostic","message":"the `#![no_std]` attribute can only be used at the crate root","code":{"code":"unused_attributes","explanation":null},"level":"warning","spans":[{"file_name":"src\\user_profile.rs","byte_start":0,"byte_end":10,"line_start":1,"line_end":1,"column_start":1,"column_end":11,"is_primary":true,"text":[{"text":"#![no_std]","highlight_start":1,"highlight_end":11}],"label":null,"suggested_replacement":null,"suggestion_applicability":null,"expansion":null}],"children":[],"rendered":"\u001b[1m\u001b[93mwarning\u001b[0m\u001b[1m\u001b[97m: the `#![no_std]` attribute can only be used at the crate root\u001b[0m\n \u001b[1m\u001b[96m--> \u001b[0msrc\\user_profile.rs:1:1\n  \u001b[1m\u001b[96m|\u001b[0m\n\u001b[1m\u001b[96m1\u001b[0m \u001b[1m\u001b[96m|\u001b[0m #![no_std]\n  \u001b[1m\u001b[96m|\u001b[0m \u001b[1m\u001b[93m^^^^^^^^^^\u001b[0m\n\n"}
{"$message_type":"diagnostic","message":"binary operation `==` cannot be applied to type `PrivacyLevel`","code":{"code":"E0369","explanation":"A binary operation was attempted on a type which doesn't support it.\n\nErroneous code example:\n\n```compile_fail,E0369\nlet x = 12f32; // error: binary operation `<<` cannot be applied to\n               //        type `f32`\n\nx << 2;\n```\n\nTo fix this error, please check that this type implements this binary\noperation. Example:\n\n```\nlet x = 12u32; // the `u32` type does implement it:\n               // https://doc.rust-lang.org/stable/std/ops/trait.Shl.html\n\nx << 2; // ok!\n```\n\nIt is also possible to overload most operators for your own type by\nimplementing traits from `std::ops`.\n\nString concatenation appends the string on the right to the string on the\nleft and may require reallocation. This requires ownership of the string\non the left. If something should be added to a string literal, move the\nliteral to the heap by allocating it with `to_owned()` like in\n`\"Your text\".to_owned()`.\n"},"level":"error","spans":[{"file_name":"C:\\Users\\User\\.rustup\\toolchains\\stable-x86_64-pc-windows-msvc\\lib/rustlib/src/rust\\library\\core\\src\\macros\\mod.rs","byte_start":1454,"byte_end":1463,"line_start":46,"line_end":46,"column_start":22,"column_end":31,"is_primary":false,"text":[{"text":"                if !(*left_val == *right_val) {","highlight_start":22,"highlight_end":31}],"label":"PrivacyLevel","suggested_replacement":null,"suggestion_applicability":null,"expansion":{"span":{"file_name":"src\\user_profile_test.rs","byte_start":1432,"byte_end":1480,"line_start":44,"line_end":44,"column_start":5,"column_end":53,"is_primary":false,"text":[{"text":"    assert_eq!(profile.privacy_level, privacy_level);","highlight_start":5,"highlight_end":53}],"label":null,"suggested_replacement":null,"suggestion_applicability":null,"expansion":null},"macro_decl_name":"assert_eq!","def_site_span":{"file_name":"C:\\Users\\User\\.rustup\\toolchains\\stable-x86_64-pc-windows-msvc\\lib/rustlib/src/rust\\library\\core\\src\\macros\\mod.rs","byte_start":1294,"byte_end":1316,"line_start":42,"line_end":42,"column_start":1,"column_end":23,"is_primary":false,"text":[{"text":"macro_rules! assert_eq {","highlight_start":1,"highlight_end":23}],"label":null,"suggested_replacement":null,"suggestion_applicability":null,"expansion":null}}},{"file_name":"C:\\Users\\User\\.rustup\\toolchains\\stable-x86_64-pc-windows-msvc\\lib/rustlib/src/rust\\library\\core\\src\\macros\\mod.rs","byte_start":1467,"byte_end":1477,"line_start":46,"line_end":46,"column_start":35,"column_end":45,"is_primary":false,"text":[{"text":"                if !(*left_val == *right_val) {","highlight_start":35,"highlight_end":45}],"label":"PrivacyLevel","suggested_replacement":null,"suggestion_applicability":null,"expansion":{"span":{"file_name":"src\\user_profile_test.rs","byte_start":1432,"byte_end":1480,"line_start":44,"line_end":44,"column_start":5,"column_end":53,"is_primary":false,"text":[{"text":"    assert_eq!(profile.privacy_level, privacy_level);","highlight_start":5,"highlight_end":53}],"label":null,"suggested_replacement":null,"suggestion_applicability":null,"expansion":null},"macro_decl_name":"assert_eq!","def_site_span":{"file_name":"C:\\Users\\User\\.rustup\\toolchains\\stable-x86_64-pc-windows-msvc\\lib/rustlib/src/rust\\library\\core\\src\\macros\\mod.rs","byte_start":1294,"byte_end":1316,"line_start":42,"line_end":42,"column_start":1,"column_end":23,"is_primary":false,"text":[{"text":"macro_rules! assert_eq {","highlight_start":1,"highlight_end":23}],"label":null,"suggested_replacement":null,"suggestion_applicability":null,"expansion":null}}},{"file_name":"C:\\Users\\User\\.rustup\\toolchains\\stable-x86_64-pc-windows-msvc\\lib/rustlib/src/rust\\library\\core\\src\\macros\\mod.rs","byte_start":1464,"byte_end":1466,"line_start":46,"line_end":46,"column_start":32,"column_end":34,"is_primary":true,"text":[{"text":"                if !(*left_val == *right_val) {","highlight_start":32,"highlight_end":34}],"label":null,"suggested_replacement":null,"suggestion_applicability":null,"expansion":{"span":{"file_name":"src\\user_profile_test.rs","byte_start":1432,"byte_end":1480,"line_start":44,"line_end":44,"column_start":5,"column_end":53,"is_primary":false,"text":[{"text":"    assert_eq!(profile.privacy_level, privacy_level);","highlight_start":5,"highlight_end":53}],"label":null,"suggested_replacement":null,"suggestion_applicability":null,"expansion":null},"macro_decl_name":"assert_eq!","def_site_span":{"file_name":"C:\\Users\\User\\.rustup\\toolchains\\stable-x86_64-pc-windows-msvc\\lib/rustlib/src/rust\\library\\core\\src\\macros\\mod.rs","byte_start":1294,"byte_end":1316,"line_start":42,"line_end":42,"column_start":1,"column_end":23,"is_primary":false,"text":[{"text":"macro_rules! assert_eq {","highlight_start":1,"highlight_end":23}],"label":null,"suggested_replacement":null,"suggestion_applicability":null,"expansion":null}}}],"children":[{"message":"an implementation of `PartialEq` might be missing for `PrivacyLevel`","code":null,"level":"note","spans":[{"file_name":"src\\user_profile.rs","byte_start":488,"byte_end":509,"line_start":20,"line_end":20,"column_start":1,"column_end":22,"is_primary":true,"text":[{"text":"pub enum PrivacyLevel {","highlight_start":1,"highlight_end":22}],"label":"must implement `PartialEq`","suggested_replacement":null,"suggestion_applicability":null,"expansion":null}],"children":[],"rendered":null},{"message":"consider annotating `PrivacyLevel` with `#[derive(PartialEq)]`","code":null,"level":"help","spans":[{"file_name":"src\\user_profile.rs","byte_start":488,"byte_end":488,"line_start":20,"line_end":20,"column_start":1,"column_end":1,"is_primary":true,"text":[{"text":"pub enum PrivacyLevel {","highlight_start":1,"highlight_end":1}],"label":null,"suggested_replacement":"#[derive(PartialEq)]\n","suggestion_applicability":"MaybeIncorrect","expansion":null}],"children":[],"rendered":null}],"rendered":"\u001b[1m\u001b[91merror[E0369]\u001b[0m\u001b[1m\u001b[97m: binary operation `==` cannot be applied to type `PrivacyLevel`\u001b[0m\n  \u001b[1m\u001b[96m--> \u001b[0msrc\\user_profile_test.rs:44:5\n   \u001b[1m\u001b[96m|\u001b[0m\n\u001b[1m\u001b[96m44\u001b[0m \u001b[1m\u001b[96m|\u001b[0m     assert_eq!(profile.privacy_level, privacy_level);\n   \u001b[1m\u001b[96m|\u001b[0m     \u001b[1m\u001b[91m^^^^^^^^^^^^^^^^^^^^^^^^^^^^^^^^^^^^^^^^^^^^^^^^\u001b[0m\n   \u001b[1m\u001b[96m|\u001b[0m     \u001b[1m\u001b[91m|\u001b[0m\n   \u001b[1m\u001b[96m|\u001b[0m     \u001b[1m\u001b[91mPrivacyLevel\u001b[0m\n   \u001b[1m\u001b[96m|\u001b[0m     \u001b[1m\u001b[91mPrivacyLevel\u001b[0m\n   \u001b[1m\u001b[96m|\u001b[0m\n\u001b[1m\u001b[92mnote\u001b[0m: an implementation of `PartialEq` might be missing for `PrivacyLevel`\n  \u001b[1m\u001b[96m--> \u001b[0msrc\\user_profile.rs:20:1\n   \u001b[1m\u001b[96m|\u001b[0m\n\u001b[1m\u001b[96m20\u001b[0m \u001b[1m\u001b[96m|\u001b[0m pub enum PrivacyLevel {\n   \u001b[1m\u001b[96m|\u001b[0m \u001b[1m\u001b[92m^^^^^^^^^^^^^^^^^^^^^\u001b[0m \u001b[1m\u001b[92mmust implement `PartialEq`\u001b[0m\n   \u001b[1m\u001b[96m= \u001b[0m\u001b[1m\u001b[97mnote\u001b[0m: this error originates in the macro `assert_eq` (in Nightly builds, run with -Z macro-backtrace for more info)\n\u001b[1m\u001b[96mhelp\u001b[0m: consider annotating `PrivacyLevel` with `#[derive(PartialEq)]`\n  \u001b[1m\u001b[96m--> \u001b[0msrc\\user_profile.rs:20:1\n   \u001b[1m\u001b[96m|\u001b[0m\n\u001b[1m\u001b[96m20\u001b[0m \u001b[92m+ #[derive(PartialEq)]\u001b[0m\n\u001b[1m\u001b[96m21\u001b[0m \u001b[1m\u001b[96m| \u001b[0mpub enum PrivacyLevel {\n   \u001b[1m\u001b[96m|\u001b[0m\n\n"}
{"$message_type":"diagnostic","message":"`PrivacyLevel` doesn't implement `Debug`","code":{"code":"E0277","explanation":"You tried to use a type which doesn't implement some trait in a place which\nexpected that trait.\n\nErroneous code example:\n\n```compile_fail,E0277\n// here we declare the Foo trait with a bar method\ntrait Foo {\n    fn bar(&self);\n}\n\n// we now declare a function which takes an object implementing the Foo trait\nfn some_func<T: Foo>(foo: T) {\n    foo.bar();\n}\n\nfn main() {\n    // we now call the method with the i32 type, which doesn't implement\n    // the Foo trait\n    some_func(5i32); // error: the trait bound `i32 : Foo` is not satisfied\n}\n```\n\nIn order to fix this error, verify that the type you're using does implement\nthe trait. Example:\n\n```\ntrait Foo {\n    fn bar(&self);\n}\n\n// we implement the trait on the i32 type\nimpl Foo for i32 {\n    fn bar(&self) {}\n}\n\nfn some_func<T: Foo>(foo: T) {\n    foo.bar(); // we can now use this method since i32 implements the\n               // Foo trait\n}\n\nfn main() {\n    some_func(5i32); // ok!\n}\n```\n\nOr in a generic context, an erroneous code example would look like:\n\n```compile_fail,E0277\nfn some_func<T>(foo: T) {\n    println!(\"{:?}\", foo); // error: the trait `core::fmt::Debug` is not\n                           //        implemented for the type `T`\n}\n\nfn main() {\n    // We now call the method with the i32 type,\n    // which *does* implement the Debug trait.\n    some_func(5i32);\n}\n```\n\nNote that the error here is in the definition of the generic function. Although\nwe only call it with a parameter that does implement `Debug`, the compiler\nstill rejects the function. It must work with all possible input types. In\norder to make this example compile, we need to restrict the generic type we're\naccepting:\n\n```\nuse std::fmt;\n\n// Restrict the input type to types that implement Debug.\nfn some_func<T: fmt::Debug>(foo: T) {\n    println!(\"{:?}\", foo);\n}\n\nfn main() {\n    // Calling the method is still fine, as i32 implements Debug.\n    some_func(5i32);\n\n    // This would fail to compile now:\n    // struct WithoutDebug;\n    // some_func(WithoutDebug);\n}\n```\n\nRust only looks at the signature of the called function, as such it must\nalready specify all requirements that will be used for every type parameter.\n"},"level":"error","spans":[{"file_name":"C:\\Users\\User\\.rustup\\toolchains\\stable-x86_64-pc-windows-msvc\\lib/rustlib/src/rust\\library\\core\\src\\macros\\mod.rs","byte_start":1843,"byte_end":1853,"line_start":51,"line_end":51,"column_start":60,"column_end":70,"is_primary":true,"text":[{"text":"                    $crate::panicking::assert_failed(kind, &*left_val, &*right_val, $crate::option::Option::None);","highlight_start":60,"highlight_end":70}],"label":"the trait `Debug` is not implemented for `PrivacyLevel`","suggested_replacement":null,"suggestion_applicability":null,"expansion":{"span":{"file_name":"src\\user_profile_test.rs","byte_start":1432,"byte_end":1480,"line_start":44,"line_end":44,"column_start":5,"column_end":53,"is_primary":false,"text":[{"text":"    assert_eq!(profile.privacy_level, privacy_level);","highlight_start":5,"highlight_end":53}],"label":null,"suggested_replacement":null,"suggestion_applicability":null,"expansion":null},"macro_decl_name":"assert_eq!","def_site_span":{"file_name":"C:\\Users\\User\\.rustup\\toolchains\\stable-x86_64-pc-windows-msvc\\lib/rustlib/src/rust\\library\\core\\src\\macros\\mod.rs","byte_start":1294,"byte_end":1316,"line_start":42,"line_end":42,"column_start":1,"column_end":23,"is_primary":false,"text":[{"text":"macro_rules! assert_eq {","highlight_start":1,"highlight_end":23}],"label":null,"suggested_replacement":null,"suggestion_applicability":null,"expansion":null}}}],"children":[{"message":"add `#[derive(Debug)]` to `PrivacyLevel` or manually `impl Debug for PrivacyLevel`","code":null,"level":"note","spans":[],"children":[],"rendered":null},{"message":"consider annotating `PrivacyLevel` with `#[derive(Debug)]`","code":null,"level":"help","spans":[{"file_name":"src\\user_profile.rs","byte_start":488,"byte_end":488,"line_start":20,"line_end":20,"column_start":1,"column_end":1,"is_primary":true,"text":[{"text":"pub enum PrivacyLevel {","highlight_start":1,"highlight_end":1}],"label":null,"suggested_replacement":"#[derive(Debug)]\n","suggestion_applicability":"MaybeIncorrect","expansion":null}],"children":[],"rendered":null}],"rendered":"\u001b[1m\u001b[91merror[E0277]\u001b[0m\u001b[1m\u001b[97m: `PrivacyLevel` doesn't implement `Debug`\u001b[0m\n  \u001b[1m\u001b[96m--> \u001b[0msrc\\user_profile_test.rs:44:5\n   \u001b[1m\u001b[96m|\u001b[0m\n\u001b[1m\u001b[96m44\u001b[0m \u001b[1m\u001b[96m|\u001b[0m     assert_eq!(profile.privacy_level, privacy_level);\n   \u001b[1m\u001b[96m|\u001b[0m     \u001b[1m\u001b[91m^^^^^^^^^^^^^^^^^^^^^^^^^^^^^^^^^^^^^^^^^^^^^^^^\u001b[0m \u001b[1m\u001b[91mthe trait `Debug` is not implemented for `PrivacyLevel`\u001b[0m\n   \u001b[1m\u001b[96m|\u001b[0m\n   \u001b[1m\u001b[96m= \u001b[0m\u001b[1m\u001b[97mnote\u001b[0m: add `#[derive(Debug)]` to `PrivacyLevel` or manually `impl Debug for PrivacyLevel`\n   \u001b[1m\u001b[96m= \u001b[0m\u001b[1m\u001b[97mnote\u001b[0m: this error originates in the macro `assert_eq` (in Nightly builds, run with -Z macro-backtrace for more info)\n\u001b[1m\u001b[96mhelp\u001b[0m: consider annotating `PrivacyLevel` with `#[derive(Debug)]`\n  \u001b[1m\u001b[96m--> \u001b[0msrc\\user_profile.rs:20:1\n   \u001b[1m\u001b[96m|\u001b[0m\n\u001b[1m\u001b[96m20\u001b[0m \u001b[92m+ #[derive(Debug)]\u001b[0m\n\u001b[1m\u001b[96m21\u001b[0m \u001b[1m\u001b[96m| \u001b[0mpub enum PrivacyLevel {\n   \u001b[1m\u001b[96m|\u001b[0m\n\n"}
{"$message_type":"diagnostic","message":"`PrivacyLevel` doesn't implement `Debug`","code":{"code":"E0277","explanation":"You tried to use a type which doesn't implement some trait in a place which\nexpected that trait.\n\nErroneous code example:\n\n```compile_fail,E0277\n// here we declare the Foo trait with a bar method\ntrait Foo {\n    fn bar(&self);\n}\n\n// we now declare a function which takes an object implementing the Foo trait\nfn some_func<T: Foo>(foo: T) {\n    foo.bar();\n}\n\nfn main() {\n    // we now call the method with the i32 type, which doesn't implement\n    // the Foo trait\n    some_func(5i32); // error: the trait bound `i32 : Foo` is not satisfied\n}\n```\n\nIn order to fix this error, verify that the type you're using does implement\nthe trait. Example:\n\n```\ntrait Foo {\n    fn bar(&self);\n}\n\n// we implement the trait on the i32 type\nimpl Foo for i32 {\n    fn bar(&self) {}\n}\n\nfn some_func<T: Foo>(foo: T) {\n    foo.bar(); // we can now use this method since i32 implements the\n               // Foo trait\n}\n\nfn main() {\n    some_func(5i32); // ok!\n}\n```\n\nOr in a generic context, an erroneous code example would look like:\n\n```compile_fail,E0277\nfn some_func<T>(foo: T) {\n    println!(\"{:?}\", foo); // error: the trait `core::fmt::Debug` is not\n                           //        implemented for the type `T`\n}\n\nfn main() {\n    // We now call the method with the i32 type,\n    // which *does* implement the Debug trait.\n    some_func(5i32);\n}\n```\n\nNote that the error here is in the definition of the generic function. Although\nwe only call it with a parameter that does implement `Debug`, the compiler\nstill rejects the function. It must work with all possible input types. In\norder to make this example compile, we need to restrict the generic type we're\naccepting:\n\n```\nuse std::fmt;\n\n// Restrict the input type to types that implement Debug.\nfn some_func<T: fmt::Debug>(foo: T) {\n    println!(\"{:?}\", foo);\n}\n\nfn main() {\n    // Calling the method is still fine, as i32 implements Debug.\n    some_func(5i32);\n\n    // This would fail to compile now:\n    // struct WithoutDebug;\n    // some_func(WithoutDebug);\n}\n```\n\nRust only looks at the signature of the called function, as such it must\nalready specify all requirements that will be used for every type parameter.\n"},"level":"error","spans":[{"file_name":"C:\\Users\\User\\.rustup\\toolchains\\stable-x86_64-pc-windows-msvc\\lib/rustlib/src/rust\\library\\core\\src\\macros\\mod.rs","byte_start":1855,"byte_end":1866,"line_start":51,"line_end":51,"column_start":72,"column_end":83,"is_primary":true,"text":[{"text":"                    $crate::panicking::assert_failed(kind, &*left_val, &*right_val, $crate::option::Option::None);","highlight_start":72,"highlight_end":83}],"label":"the trait `Debug` is not implemented for `PrivacyLevel`","suggested_replacement":null,"suggestion_applicability":null,"expansion":{"span":{"file_name":"src\\user_profile_test.rs","byte_start":1432,"byte_end":1480,"line_start":44,"line_end":44,"column_start":5,"column_end":53,"is_primary":false,"text":[{"text":"    assert_eq!(profile.privacy_level, privacy_level);","highlight_start":5,"highlight_end":53}],"label":null,"suggested_replacement":null,"suggestion_applicability":null,"expansion":null},"macro_decl_name":"assert_eq!","def_site_span":{"file_name":"C:\\Users\\User\\.rustup\\toolchains\\stable-x86_64-pc-windows-msvc\\lib/rustlib/src/rust\\library\\core\\src\\macros\\mod.rs","byte_start":1294,"byte_end":1316,"line_start":42,"line_end":42,"column_start":1,"column_end":23,"is_primary":false,"text":[{"text":"macro_rules! assert_eq {","highlight_start":1,"highlight_end":23}],"label":null,"suggested_replacement":null,"suggestion_applicability":null,"expansion":null}}}],"children":[{"message":"add `#[derive(Debug)]` to `PrivacyLevel` or manually `impl Debug for PrivacyLevel`","code":null,"level":"note","spans":[],"children":[],"rendered":null},{"message":"consider annotating `PrivacyLevel` with `#[derive(Debug)]`","code":null,"level":"help","spans":[{"file_name":"src\\user_profile.rs","byte_start":488,"byte_end":488,"line_start":20,"line_end":20,"column_start":1,"column_end":1,"is_primary":true,"text":[{"text":"pub enum PrivacyLevel {","highlight_start":1,"highlight_end":1}],"label":null,"suggested_replacement":"#[derive(Debug)]\n","suggestion_applicability":"MaybeIncorrect","expansion":null}],"children":[],"rendered":null}],"rendered":"\u001b[1m\u001b[91merror[E0277]\u001b[0m\u001b[1m\u001b[97m: `PrivacyLevel` doesn't implement `Debug`\u001b[0m\n  \u001b[1m\u001b[96m--> \u001b[0msrc\\user_profile_test.rs:44:5\n   \u001b[1m\u001b[96m|\u001b[0m\n\u001b[1m\u001b[96m44\u001b[0m \u001b[1m\u001b[96m|\u001b[0m     assert_eq!(profile.privacy_level, privacy_level);\n   \u001b[1m\u001b[96m|\u001b[0m     \u001b[1m\u001b[91m^^^^^^^^^^^^^^^^^^^^^^^^^^^^^^^^^^^^^^^^^^^^^^^^\u001b[0m \u001b[1m\u001b[91mthe trait `Debug` is not implemented for `PrivacyLevel`\u001b[0m\n   \u001b[1m\u001b[96m|\u001b[0m\n   \u001b[1m\u001b[96m= \u001b[0m\u001b[1m\u001b[97mnote\u001b[0m: add `#[derive(Debug)]` to `PrivacyLevel` or manually `impl Debug for PrivacyLevel`\n   \u001b[1m\u001b[96m= \u001b[0m\u001b[1m\u001b[97mnote\u001b[0m: this error originates in the macro `assert_eq` (in Nightly builds, run with -Z macro-backtrace for more info)\n\u001b[1m\u001b[96mhelp\u001b[0m: consider annotating `PrivacyLevel` with `#[derive(Debug)]`\n  \u001b[1m\u001b[96m--> \u001b[0msrc\\user_profile.rs:20:1\n   \u001b[1m\u001b[96m|\u001b[0m\n\u001b[1m\u001b[96m20\u001b[0m \u001b[92m+ #[derive(Debug)]\u001b[0m\n\u001b[1m\u001b[96m21\u001b[0m \u001b[1m\u001b[96m| \u001b[0mpub enum PrivacyLevel {\n   \u001b[1m\u001b[96m|\u001b[0m\n\n"}
{"$message_type":"diagnostic","message":"no method named `mock_all_auths_multiple` found for struct `Env` in the current scope","code":{"code":"E0599","explanation":"This error occurs when a method is used on a type which doesn't implement it:\n\nErroneous code example:\n\n```compile_fail,E0599\nstruct Mouth;\n\nlet x = Mouth;\nx.chocolate(); // error: no method named `chocolate` found for type `Mouth`\n               //        in the current scope\n```\n\nIn this case, you need to implement the `chocolate` method to fix the error:\n\n```\nstruct Mouth;\n\nimpl Mouth {\n    fn chocolate(&self) { // We implement the `chocolate` method here.\n        println!(\"Hmmm! I love chocolate!\");\n    }\n}\n\nlet x = Mouth;\nx.chocolate(); // ok!\n```\n"},"level":"error","spans":[{"file_name":"src\\user_profile_test.rs","byte_start":5835,"byte_end":5858,"line_start":196,"line_end":196,"column_start":9,"column_end":32,"is_primary":true,"text":[{"text":"    env.mock_all_auths_multiple(&[&user, &admin]);","highlight_start":9,"highlight_end":32}],"label":null,"suggested_replacement":null,"suggestion_applicability":null,"expansion":null}],"children":[{"message":"there is a method `mock_all_auths` with a similar name, but with different arguments","code":null,"level":"help","spans":[{"file_name":"C:\\Users\\User\\.cargo\\registry\\src\\index.crates.io-1949cf8c6b5b557f\\soroban-sdk-21.7.7\\src\\env.rs","byte_start":32532,"byte_end":32560,"line_start":947,"line_end":947,"column_start":5,"column_end":33,"is_primary":true,"text":[{"text":"    pub fn mock_all_auths(&self) {","highlight_start":5,"highlight_end":33}],"label":null,"suggested_replacement":null,"suggestion_applicability":null,"expansion":null}],"children":[],"rendered":null}],"rendered":"\u001b[1m\u001b[91merror[E0599]\u001b[0m\u001b[1m\u001b[97m: no method named `mock_all_auths_multiple` found for struct `Env` in the current scope\u001b[0m\n   \u001b[1m\u001b[96m--> \u001b[0msrc\\user_profile_test.rs:196:9\n    \u001b[1m\u001b[96m|\u001b[0m\n\u001b[1m\u001b[96m196\u001b[0m \u001b[1m\u001b[96m|\u001b[0m     env.mock_all_auths_multiple(&[&user, &admin]);\n    \u001b[1m\u001b[96m|\u001b[0m         \u001b[1m\u001b[91m^^^^^^^^^^^^^^^^^^^^^^^\u001b[0m\n    \u001b[1m\u001b[96m|\u001b[0m\n\u001b[1m\u001b[96mhelp\u001b[0m: there is a method `mock_all_auths` with a similar name, but with different arguments\n   \u001b[1m\u001b[96m--> \u001b[0mC:\\Users\\User\\.cargo\\registry\\src\\index.crates.io-1949cf8c6b5b557f\\soroban-sdk-21.7.7\\src\\env.rs:947:5\n    \u001b[1m\u001b[96m|\u001b[0m\n\u001b[1m\u001b[96m947\u001b[0m \u001b[1m\u001b[96m|\u001b[0m     pub fn mock_all_auths(&self) {\n    \u001b[1m\u001b[96m|\u001b[0m     \u001b[1m\u001b[96m^^^^^^^^^^^^^^^^^^^^^^^^^^^^\u001b[0m\n\n"}
{"$message_type":"diagnostic","message":"binary operation `==` cannot be applied to type `PrivacyLevel`","code":{"code":"E0369","explanation":"A binary operation was attempted on a type which doesn't support it.\n\nErroneous code example:\n\n```compile_fail,E0369\nlet x = 12f32; // error: binary operation `<<` cannot be applied to\n               //        type `f32`\n\nx << 2;\n```\n\nTo fix this error, please check that this type implements this binary\noperation. Example:\n\n```\nlet x = 12u32; // the `u32` type does implement it:\n               // https://doc.rust-lang.org/stable/std/ops/trait.Shl.html\n\nx << 2; // ok!\n```\n\nIt is also possible to overload most operators for your own type by\nimplementing traits from `std::ops`.\n\nString concatenation appends the string on the right to the string on the\nleft and may require reallocation. This requires ownership of the string\non the left. If something should be added to a string literal, move the\nliteral to the heap by allocating it with `to_owned()` like in\n`\"Your text\".to_owned()`.\n"},"level":"error","spans":[{"file_name":"C:\\Users\\User\\.rustup\\toolchains\\stable-x86_64-pc-windows-msvc\\lib/rustlib/src/rust\\library\\core\\src\\macros\\mod.rs","byte_start":1454,"byte_end":1463,"line_start":46,"line_end":46,"column_start":22,"column_end":31,"is_primary":false,"text":[{"text":"                if !(*left_val == *right_val) {","highlight_start":22,"highlight_end":31}],"label":"PrivacyLevel","suggested_replacement":null,"suggestion_applicability":null,"expansion":{"span":{"file_name":"src\\user_profile_test.rs","byte_start":8171,"byte_end":8227,"line_start":275,"line_end":275,"column_start":5,"column_end":61,"is_primary":false,"text":[{"text":"    assert_eq!(profile.privacy_level, PrivacyLevel::Private);","highlight_start":5,"highlight_end":61}],"label":null,"suggested_replacement":null,"suggestion_applicability":null,"expansion":null},"macro_decl_name":"assert_eq!","def_site_span":{"file_name":"C:\\Users\\User\\.rustup\\toolchains\\stable-x86_64-pc-windows-msvc\\lib/rustlib/src/rust\\library\\core\\src\\macros\\mod.rs","byte_start":1294,"byte_end":1316,"line_start":42,"line_end":42,"column_start":1,"column_end":23,"is_primary":false,"text":[{"text":"macro_rules! assert_eq {","highlight_start":1,"highlight_end":23}],"label":null,"suggested_replacement":null,"suggestion_applicability":null,"expansion":null}}},{"file_name":"C:\\Users\\User\\.rustup\\toolchains\\stable-x86_64-pc-windows-msvc\\lib/rustlib/src/rust\\library\\core\\src\\macros\\mod.rs","byte_start":1467,"byte_end":1477,"line_start":46,"line_end":46,"column_start":35,"column_end":45,"is_primary":false,"text":[{"text":"                if !(*left_val == *right_val) {","highlight_start":35,"highlight_end":45}],"label":"PrivacyLevel","suggested_replacement":null,"suggestion_applicability":null,"expansion":{"span":{"file_name":"src\\user_profile_test.rs","byte_start":8171,"byte_end":8227,"line_start":275,"line_end":275,"column_start":5,"column_end":61,"is_primary":false,"text":[{"text":"    assert_eq!(profile.privacy_level, PrivacyLevel::Private);","highlight_start":5,"highlight_end":61}],"label":null,"suggested_replacement":null,"suggestion_applicability":null,"expansion":null},"macro_decl_name":"assert_eq!","def_site_span":{"file_name":"C:\\Users\\User\\.rustup\\toolchains\\stable-x86_64-pc-windows-msvc\\lib/rustlib/src/rust\\library\\core\\src\\macros\\mod.rs","byte_start":1294,"byte_end":1316,"line_start":42,"line_end":42,"column_start":1,"column_end":23,"is_primary":false,"text":[{"text":"macro_rules! assert_eq {","highlight_start":1,"highlight_end":23}],"label":null,"suggested_replacement":null,"suggestion_applicability":null,"expansion":null}}},{"file_name":"C:\\Users\\User\\.rustup\\toolchains\\stable-x86_64-pc-windows-msvc\\lib/rustlib/src/rust\\library\\core\\src\\macros\\mod.rs","byte_start":1464,"byte_end":1466,"line_start":46,"line_end":46,"column_start":32,"column_end":34,"is_primary":true,"text":[{"text":"                if !(*left_val == *right_val) {","highlight_start":32,"highlight_end":34}],"label":null,"suggested_replacement":null,"suggestion_applicability":null,"expansion":{"span":{"file_name":"src\\user_profile_test.rs","byte_start":8171,"byte_end":8227,"line_start":275,"line_end":275,"column_start":5,"column_end":61,"is_primary":false,"text":[{"text":"    assert_eq!(profile.privacy_level, PrivacyLevel::Private);","highlight_start":5,"highlight_end":61}],"label":null,"suggested_replacement":null,"suggestion_applicability":null,"expansion":null},"macro_decl_name":"assert_eq!","def_site_span":{"file_name":"C:\\Users\\User\\.rustup\\toolchains\\stable-x86_64-pc-windows-msvc\\lib/rustlib/src/rust\\library\\core\\src\\macros\\mod.rs","byte_start":1294,"byte_end":1316,"line_start":42,"line_end":42,"column_start":1,"column_end":23,"is_primary":false,"text":[{"text":"macro_rules! assert_eq {","highlight_start":1,"highlight_end":23}],"label":null,"suggested_replacement":null,"suggestion_applicability":null,"expansion":null}}}],"children":[{"message":"an implementation of `PartialEq` might be missing for `PrivacyLevel`","code":null,"level":"note","spans":[{"file_name":"src\\user_profile.rs","byte_start":488,"byte_end":509,"line_start":20,"line_end":20,"column_start":1,"column_end":22,"is_primary":true,"text":[{"text":"pub enum PrivacyLevel {","highlight_start":1,"highlight_end":22}],"label":"must implement `PartialEq`","suggested_replacement":null,"suggestion_applicability":null,"expansion":null}],"children":[],"rendered":null},{"message":"consider annotating `PrivacyLevel` with `#[derive(PartialEq)]`","code":null,"level":"help","spans":[{"file_name":"src\\user_profile.rs","byte_start":488,"byte_end":488,"line_start":20,"line_end":20,"column_start":1,"column_end":1,"is_primary":true,"text":[{"text":"pub enum PrivacyLevel {","highlight_start":1,"highlight_end":1}],"label":null,"suggested_replacement":"#[derive(PartialEq)]\n","suggestion_applicability":"MaybeIncorrect","expansion":null}],"children":[],"rendered":null}],"rendered":"\u001b[1m\u001b[91merror[E0369]\u001b[0m\u001b[1m\u001b[97m: binary operation `==` cannot be applied to type `PrivacyLevel`\u001b[0m\n   \u001b[1m\u001b[96m--> \u001b[0msrc\\user_profile_test.rs:275:5\n    \u001b[1m\u001b[96m|\u001b[0m\n\u001b[1m\u001b[96m275\u001b[0m \u001b[1m\u001b[96m|\u001b[0m     assert_eq!(profile.privacy_level, PrivacyLevel::Private);\n    \u001b[1m\u001b[96m|\u001b[0m     \u001b[1m\u001b[91m^^^^^^^^^^^^^^^^^^^^^^^^^^^^^^^^^^^^^^^^^^^^^^^^^^^^^^^^\u001b[0m\n    \u001b[1m\u001b[96m|\u001b[0m     \u001b[1m\u001b[91m|\u001b[0m\n    \u001b[1m\u001b[96m|\u001b[0m     \u001b[1m\u001b[91mPrivacyLevel\u001b[0m\n    \u001b[1m\u001b[96m|\u001b[0m     \u001b[1m\u001b[91mPrivacyLevel\u001b[0m\n    \u001b[1m\u001b[96m|\u001b[0m\n\u001b[1m\u001b[92mnote\u001b[0m: an implementation of `PartialEq` might be missing for `PrivacyLevel`\n   \u001b[1m\u001b[96m--> \u001b[0msrc\\user_profile.rs:20:1\n    \u001b[1m\u001b[96m|\u001b[0m\n \u001b[1m\u001b[96m20\u001b[0m \u001b[1m\u001b[96m|\u001b[0m pub enum PrivacyLevel {\n    \u001b[1m\u001b[96m|\u001b[0m \u001b[1m\u001b[92m^^^^^^^^^^^^^^^^^^^^^\u001b[0m \u001b[1m\u001b[92mmust implement `PartialEq`\u001b[0m\n    \u001b[1m\u001b[96m= \u001b[0m\u001b[1m\u001b[97mnote\u001b[0m: this error originates in the macro `assert_eq` (in Nightly builds, run with -Z macro-backtrace for more info)\n\u001b[1m\u001b[96mhelp\u001b[0m: consider annotating `PrivacyLevel` with `#[derive(PartialEq)]`\n   \u001b[1m\u001b[96m--> \u001b[0msrc\\user_profile.rs:20:1\n    \u001b[1m\u001b[96m|\u001b[0m\n \u001b[1m\u001b[96m20\u001b[0m \u001b[92m+ #[derive(PartialEq)]\u001b[0m\n \u001b[1m\u001b[96m21\u001b[0m \u001b[1m\u001b[96m| \u001b[0mpub enum PrivacyLevel {\n    \u001b[1m\u001b[96m|\u001b[0m\n\n"}
{"$message_type":"diagnostic","message":"`PrivacyLevel` doesn't implement `Debug`","code":{"code":"E0277","explanation":"You tried to use a type which doesn't implement some trait in a place which\nexpected that trait.\n\nErroneous code example:\n\n```compile_fail,E0277\n// here we declare the Foo trait with a bar method\ntrait Foo {\n    fn bar(&self);\n}\n\n// we now declare a function which takes an object implementing the Foo trait\nfn some_func<T: Foo>(foo: T) {\n    foo.bar();\n}\n\nfn main() {\n    // we now call the method with the i32 type, which doesn't implement\n    // the Foo trait\n    some_func(5i32); // error: the trait bound `i32 : Foo` is not satisfied\n}\n```\n\nIn order to fix this error, verify that the type you're using does implement\nthe trait. Example:\n\n```\ntrait Foo {\n    fn bar(&self);\n}\n\n// we implement the trait on the i32 type\nimpl Foo for i32 {\n    fn bar(&self) {}\n}\n\nfn some_func<T: Foo>(foo: T) {\n    foo.bar(); // we can now use this method since i32 implements the\n               // Foo trait\n}\n\nfn main() {\n    some_func(5i32); // ok!\n}\n```\n\nOr in a generic context, an erroneous code example would look like:\n\n```compile_fail,E0277\nfn some_func<T>(foo: T) {\n    println!(\"{:?}\", foo); // error: the trait `core::fmt::Debug` is not\n                           //        implemented for the type `T`\n}\n\nfn main() {\n    // We now call the method with the i32 type,\n    // which *does* implement the Debug trait.\n    some_func(5i32);\n}\n```\n\nNote that the error here is in the definition of the generic function. Although\nwe only call it with a parameter that does implement `Debug`, the compiler\nstill rejects the function. It must work with all possible input types. In\norder to make this example compile, we need to restrict the generic type we're\naccepting:\n\n```\nuse std::fmt;\n\n// Restrict the input type to types that implement Debug.\nfn some_func<T: fmt::Debug>(foo: T) {\n    println!(\"{:?}\", foo);\n}\n\nfn main() {\n    // Calling the method is still fine, as i32 implements Debug.\n    some_func(5i32);\n\n    // This would fail to compile now:\n    // struct WithoutDebug;\n    // some_func(WithoutDebug);\n}\n```\n\nRust only looks at the signature of the called function, as such it must\nalready specify all requirements that will be used for every type parameter.\n"},"level":"error","spans":[{"file_name":"C:\\Users\\User\\.rustup\\toolchains\\stable-x86_64-pc-windows-msvc\\lib/rustlib/src/rust\\library\\core\\src\\macros\\mod.rs","byte_start":1843,"byte_end":1853,"line_start":51,"line_end":51,"column_start":60,"column_end":70,"is_primary":true,"text":[{"text":"                    $crate::panicking::assert_failed(kind, &*left_val, &*right_val, $crate::option::Option::None);","highlight_start":60,"highlight_end":70}],"label":"the trait `Debug` is not implemented for `PrivacyLevel`","suggested_replacement":null,"suggestion_applicability":null,"expansion":{"span":{"file_name":"src\\user_profile_test.rs","byte_start":8171,"byte_end":8227,"line_start":275,"line_end":275,"column_start":5,"column_end":61,"is_primary":false,"text":[{"text":"    assert_eq!(profile.privacy_level, PrivacyLevel::Private);","highlight_start":5,"highlight_end":61}],"label":null,"suggested_replacement":null,"suggestion_applicability":null,"expansion":null},"macro_decl_name":"assert_eq!","def_site_span":{"file_name":"C:\\Users\\User\\.rustup\\toolchains\\stable-x86_64-pc-windows-msvc\\lib/rustlib/src/rust\\library\\core\\src\\macros\\mod.rs","byte_start":1294,"byte_end":1316,"line_start":42,"line_end":42,"column_start":1,"column_end":23,"is_primary":false,"text":[{"text":"macro_rules! assert_eq {","highlight_start":1,"highlight_end":23}],"label":null,"suggested_replacement":null,"suggestion_applicability":null,"expansion":null}}}],"children":[{"message":"add `#[derive(Debug)]` to `PrivacyLevel` or manually `impl Debug for PrivacyLevel`","code":null,"level":"note","spans":[],"children":[],"rendered":null},{"message":"consider annotating `PrivacyLevel` with `#[derive(Debug)]`","code":null,"level":"help","spans":[{"file_name":"src\\user_profile.rs","byte_start":488,"byte_end":488,"line_start":20,"line_end":20,"column_start":1,"column_end":1,"is_primary":true,"text":[{"text":"pub enum PrivacyLevel {","highlight_start":1,"highlight_end":1}],"label":null,"suggested_replacement":"#[derive(Debug)]\n","suggestion_applicability":"MaybeIncorrect","expansion":null}],"children":[],"rendered":null}],"rendered":"\u001b[1m\u001b[91merror[E0277]\u001b[0m\u001b[1m\u001b[97m: `PrivacyLevel` doesn't implement `Debug`\u001b[0m\n   \u001b[1m\u001b[96m--> \u001b[0msrc\\user_profile_test.rs:275:5\n    \u001b[1m\u001b[96m|\u001b[0m\n\u001b[1m\u001b[96m275\u001b[0m \u001b[1m\u001b[96m|\u001b[0m     assert_eq!(profile.privacy_level, PrivacyLevel::Private);\n    \u001b[1m\u001b[96m|\u001b[0m     \u001b[1m\u001b[91m^^^^^^^^^^^^^^^^^^^^^^^^^^^^^^^^^^^^^^^^^^^^^^^^^^^^^^^^\u001b[0m \u001b[1m\u001b[91mthe trait `Debug` is not implemented for `PrivacyLevel`\u001b[0m\n    \u001b[1m\u001b[96m|\u001b[0m\n    \u001b[1m\u001b[96m= \u001b[0m\u001b[1m\u001b[97mnote\u001b[0m: add `#[derive(Debug)]` to `PrivacyLevel` or manually `impl Debug for PrivacyLevel`\n    \u001b[1m\u001b[96m= \u001b[0m\u001b[1m\u001b[97mnote\u001b[0m: this error originates in the macro `assert_eq` (in Nightly builds, run with -Z macro-backtrace for more info)\n\u001b[1m\u001b[96mhelp\u001b[0m: consider annotating `PrivacyLevel` with `#[derive(Debug)]`\n   \u001b[1m\u001b[96m--> \u001b[0msrc\\user_profile.rs:20:1\n    \u001b[1m\u001b[96m|\u001b[0m\n \u001b[1m\u001b[96m20\u001b[0m \u001b[92m+ #[derive(Debug)]\u001b[0m\n \u001b[1m\u001b[96m21\u001b[0m \u001b[1m\u001b[96m| \u001b[0mpub enum PrivacyLevel {\n    \u001b[1m\u001b[96m|\u001b[0m\n\n"}
{"$message_type":"diagnostic","message":"`PrivacyLevel` doesn't implement `Debug`","code":{"code":"E0277","explanation":"You tried to use a type which doesn't implement some trait in a place which\nexpected that trait.\n\nErroneous code example:\n\n```compile_fail,E0277\n// here we declare the Foo trait with a bar method\ntrait Foo {\n    fn bar(&self);\n}\n\n// we now declare a function which takes an object implementing the Foo trait\nfn some_func<T: Foo>(foo: T) {\n    foo.bar();\n}\n\nfn main() {\n    // we now call the method with the i32 type, which doesn't implement\n    // the Foo trait\n    some_func(5i32); // error: the trait bound `i32 : Foo` is not satisfied\n}\n```\n\nIn order to fix this error, verify that the type you're using does implement\nthe trait. Example:\n\n```\ntrait Foo {\n    fn bar(&self);\n}\n\n// we implement the trait on the i32 type\nimpl Foo for i32 {\n    fn bar(&self) {}\n}\n\nfn some_func<T: Foo>(foo: T) {\n    foo.bar(); // we can now use this method since i32 implements the\n               // Foo trait\n}\n\nfn main() {\n    some_func(5i32); // ok!\n}\n```\n\nOr in a generic context, an erroneous code example would look like:\n\n```compile_fail,E0277\nfn some_func<T>(foo: T) {\n    println!(\"{:?}\", foo); // error: the trait `core::fmt::Debug` is not\n                           //        implemented for the type `T`\n}\n\nfn main() {\n    // We now call the method with the i32 type,\n    // which *does* implement the Debug trait.\n    some_func(5i32);\n}\n```\n\nNote that the error here is in the definition of the generic function. Although\nwe only call it with a parameter that does implement `Debug`, the compiler\nstill rejects the function. It must work with all possible input types. In\norder to make this example compile, we need to restrict the generic type we're\naccepting:\n\n```\nuse std::fmt;\n\n// Restrict the input type to types that implement Debug.\nfn some_func<T: fmt::Debug>(foo: T) {\n    println!(\"{:?}\", foo);\n}\n\nfn main() {\n    // Calling the method is still fine, as i32 implements Debug.\n    some_func(5i32);\n\n    // This would fail to compile now:\n    // struct WithoutDebug;\n    // some_func(WithoutDebug);\n}\n```\n\nRust only looks at the signature of the called function, as such it must\nalready specify all requirements that will be used for every type parameter.\n"},"level":"error","spans":[{"file_name":"C:\\Users\\User\\.rustup\\toolchains\\stable-x86_64-pc-windows-msvc\\lib/rustlib/src/rust\\library\\core\\src\\macros\\mod.rs","byte_start":1855,"byte_end":1866,"line_start":51,"line_end":51,"column_start":72,"column_end":83,"is_primary":true,"text":[{"text":"                    $crate::panicking::assert_failed(kind, &*left_val, &*right_val, $crate::option::Option::None);","highlight_start":72,"highlight_end":83}],"label":"the trait `Debug` is not implemented for `PrivacyLevel`","suggested_replacement":null,"suggestion_applicability":null,"expansion":{"span":{"file_name":"src\\user_profile_test.rs","byte_start":8171,"byte_end":8227,"line_start":275,"line_end":275,"column_start":5,"column_end":61,"is_primary":false,"text":[{"text":"    assert_eq!(profile.privacy_level, PrivacyLevel::Private);","highlight_start":5,"highlight_end":61}],"label":null,"suggested_replacement":null,"suggestion_applicability":null,"expansion":null},"macro_decl_name":"assert_eq!","def_site_span":{"file_name":"C:\\Users\\User\\.rustup\\toolchains\\stable-x86_64-pc-windows-msvc\\lib/rustlib/src/rust\\library\\core\\src\\macros\\mod.rs","byte_start":1294,"byte_end":1316,"line_start":42,"line_end":42,"column_start":1,"column_end":23,"is_primary":false,"text":[{"text":"macro_rules! assert_eq {","highlight_start":1,"highlight_end":23}],"label":null,"suggested_replacement":null,"suggestion_applicability":null,"expansion":null}}}],"children":[{"message":"add `#[derive(Debug)]` to `PrivacyLevel` or manually `impl Debug for PrivacyLevel`","code":null,"level":"note","spans":[],"children":[],"rendered":null},{"message":"consider annotating `PrivacyLevel` with `#[derive(Debug)]`","code":null,"level":"help","spans":[{"file_name":"src\\user_profile.rs","byte_start":488,"byte_end":488,"line_start":20,"line_end":20,"column_start":1,"column_end":1,"is_primary":true,"text":[{"text":"pub enum PrivacyLevel {","highlight_start":1,"highlight_end":1}],"label":null,"suggested_replacement":"#[derive(Debug)]\n","suggestion_applicability":"MaybeIncorrect","expansion":null}],"children":[],"rendered":null}],"rendered":"\u001b[1m\u001b[91merror[E0277]\u001b[0m\u001b[1m\u001b[97m: `PrivacyLevel` doesn't implement `Debug`\u001b[0m\n   \u001b[1m\u001b[96m--> \u001b[0msrc\\user_profile_test.rs:275:5\n    \u001b[1m\u001b[96m|\u001b[0m\n\u001b[1m\u001b[96m275\u001b[0m \u001b[1m\u001b[96m|\u001b[0m     assert_eq!(profile.privacy_level, PrivacyLevel::Private);\n    \u001b[1m\u001b[96m|\u001b[0m     \u001b[1m\u001b[91m^^^^^^^^^^^^^^^^^^^^^^^^^^^^^^^^^^^^^^^^^^^^^^^^^^^^^^^^\u001b[0m \u001b[1m\u001b[91mthe trait `Debug` is not implemented for `PrivacyLevel`\u001b[0m\n    \u001b[1m\u001b[96m|\u001b[0m\n    \u001b[1m\u001b[96m= \u001b[0m\u001b[1m\u001b[97mnote\u001b[0m: add `#[derive(Debug)]` to `PrivacyLevel` or manually `impl Debug for PrivacyLevel`\n    \u001b[1m\u001b[96m= \u001b[0m\u001b[1m\u001b[97mnote\u001b[0m: this error originates in the macro `assert_eq` (in Nightly builds, run with -Z macro-backtrace for more info)\n\u001b[1m\u001b[96mhelp\u001b[0m: consider annotating `PrivacyLevel` with `#[derive(Debug)]`\n   \u001b[1m\u001b[96m--> \u001b[0msrc\\user_profile.rs:20:1\n    \u001b[1m\u001b[96m|\u001b[0m\n \u001b[1m\u001b[96m20\u001b[0m \u001b[92m+ #[derive(Debug)]\u001b[0m\n \u001b[1m\u001b[96m21\u001b[0m \u001b[1m\u001b[96m| \u001b[0mpub enum PrivacyLevel {\n    \u001b[1m\u001b[96m|\u001b[0m\n\n"}
{"$message_type":"diagnostic","message":"aborting due to 10 previous errors; 7 warnings emitted","code":null,"level":"error","spans":[],"children":[],"rendered":"\u001b[1m\u001b[91merror\u001b[0m\u001b[1m\u001b[97m: aborting due to 10 previous errors; 7 warnings emitted\u001b[0m\n\n"}
{"$message_type":"diagnostic","message":"Some errors have detailed explanations: E0106, E0277, E0369, E0432, E0433, E0599.","code":null,"level":"failure-note","spans":[],"children":[],"rendered":"\u001b[1m\u001b[97mSome errors have detailed explanations: E0106, E0277, E0369, E0432, E0433, E0599.\u001b[0m\n"}
{"$message_type":"diagnostic","message":"For more information about an error, try `rustc --explain E0106`.","code":null,"level":"failure-note","spans":[],"children":[],"rendered":"\u001b[1m\u001b[97mFor more information about an error, try `rustc --explain E0106`.\u001b[0m\n"}
